[debug] [2022-09-13T14:07:08.704Z] ----------------------------------------------------------------------
[debug] [2022-09-13T14:07:08.711Z] Command:       C:\Program Files\nodejs\node.exe C:\Users\LENOVO\AppData\Roaming\npm\node_modules\firebase-tools\lib\bin\firebase.js deploy
[debug] [2022-09-13T14:07:08.713Z] CLI Version:   11.9.0
[debug] [2022-09-13T14:07:08.713Z] Platform:      win32
[debug] [2022-09-13T14:07:08.714Z] Node Version:  v16.13.1
[debug] [2022-09-13T14:07:08.718Z] Time:          Tue Sep 13 2022 15:07:08 GMT+0100 (West Africa Standard Time)
[debug] [2022-09-13T14:07:08.721Z] ----------------------------------------------------------------------
[debug] 
[debug] [2022-09-13T14:07:08.950Z] > command requires scopes: ["email","openid","https://www.googleapis.com/auth/cloudplatformprojects.readonly","https://www.googleapis.com/auth/firebase","https://www.googleapis.com/auth/cloud-platform"]
[debug] [2022-09-13T14:07:08.950Z] > authorizing via signed-in user (shakhordun@gmail.com)
[debug] [2022-09-13T14:07:08.951Z] [iam] checking project profiledeployment for permissions ["firebase.projects.get","firebasehosting.sites.update"]
[debug] [2022-09-13T14:07:08.958Z] >>> [apiv2][query] POST https://cloudresourcemanager.googleapis.com/v1/projects/profiledeployment:testIamPermissions [none]
[debug] [2022-09-13T14:07:08.959Z] >>> [apiv2][(partial)header] POST https://cloudresourcemanager.googleapis.com/v1/projects/profiledeployment:testIamPermissions x-goog-quota-user=projects/profiledeployment
[debug] [2022-09-13T14:07:08.960Z] >>> [apiv2][body] POST https://cloudresourcemanager.googleapis.com/v1/projects/profiledeployment:testIamPermissions {"permissions":["firebase.projects.get","firebasehosting.sites.update"]}
[debug] [2022-09-13T14:07:20.111Z] [iam] error while checking permissions, command may fail: FirebaseError: Failed to make request to https://cloudresourcemanager.googleapis.com/v1/projects/profiledeployment:testIamPermissions
[debug] [2022-09-13T14:07:20.113Z] >>> [apiv2][query] GET https://firebase.googleapis.com/v1beta1/projects/profiledeployment [none]
[debug] [2022-09-13T14:07:31.224Z] Failed to make request to https://firebase.googleapis.com/v1beta1/projects/profiledeployment
[debug] [2022-09-13T14:07:36.238Z] Error: Timed out.
    at Timeout._onTimeout (C:\Users\LENOVO\AppData\Roaming\npm\node_modules\firebase-tools\lib\utils.js:253:49)
    at listOnTimeout (node:internal/timers:557:17)
    at processTimers (node:internal/timers:500:7)
[error] 
[error] Error: An unexpected error has occurred.
